<?xml version="1.0" encoding="UTF-8"?>
<testng-results ignored="0" total="1" passed="1" failed="0" skipped="0">
  <reporter-output>
    <line>
      <![CDATA[testCreateCustomer]]>
    </line>
  </reporter-output>
  <suite started-at="2023-01-21T12:56:06 IST" name="Default suite" finished-at="2023-01-21T12:57:09 IST" duration-ms="63467">
    <groups>
    </groups>
    <test started-at="2023-01-21T12:56:06 IST" name="Default test" finished-at="2023-01-21T12:57:09 IST" duration-ms="63467">
      <class name="in.nims.testscript.CustomerModule">
        <test-method is-config="true" signature="openBrowser()[pri:0, instance:in.nims.testscript.CustomerModule@3bf9ce3e]" started-at="2023-01-21T12:56:06 IST" name="openBrowser" finished-at="2023-01-21T12:56:51 IST" duration-ms="44951" status="PASS">
          <reporter-output>
          </reporter-output>
        </test-method> <!-- openBrowser -->
        <test-method is-config="true" signature="login()[pri:0, instance:in.nims.testscript.CustomerModule@3bf9ce3e]" started-at="2023-01-21T12:56:51 IST" name="login" finished-at="2023-01-21T12:56:51 IST" duration-ms="743" status="PASS">
          <reporter-output>
          </reporter-output>
        </test-method> <!-- login -->
        <test-method signature="testCreateCustomer()[pri:0, instance:in.nims.testscript.CustomerModule@3bf9ce3e]" started-at="2023-01-21T12:56:51 IST" name="testCreateCustomer" finished-at="2023-01-21T12:56:51 IST" duration-ms="41" status="PASS">
          <reporter-output>
            <line>
              <![CDATA[testCreateCustomer]]>
            </line>
          </reporter-output>
        </test-method> <!-- testCreateCustomer -->
        <test-method is-config="true" signature="logout()[pri:0, instance:in.nims.testscript.CustomerModule@3bf9ce3e]" started-at="2023-01-21T12:56:51 IST" name="logout" finished-at="2023-01-21T12:57:08 IST" duration-ms="16850" status="PASS">
          <reporter-output>
          </reporter-output>
        </test-method> <!-- logout -->
        <test-method is-config="true" signature="closeBrowser()[pri:0, instance:in.nims.testscript.CustomerModule@3bf9ce3e]" started-at="2023-01-21T12:57:08 IST" name="closeBrowser" finished-at="2023-01-21T12:57:09 IST" duration-ms="781" status="PASS">
          <reporter-output>
          </reporter-output>
        </test-method> <!-- closeBrowser -->
      </class> <!-- in.nims.testscript.CustomerModule -->
    </test> <!-- Default test -->
  </suite> <!-- Default suite -->
</testng-results>
